<?xml version="1.0" encoding="UTF-8"?>
<testng-results ignored="0" total="1" passed="1" failed="0" skipped="0">
  <reporter-output>
    <line>
      <![CDATA[Browser value not matching]]>
    </line>
    <line>
      <![CDATA[No. of rows in TCSheet::4No. of rows in TSSheet10]]>
    </line>
    <line>
      <![CDATA[Login Success::adminflow  http://primusbank.qedgetech.com/adminflow.aspx]]>
    </line>
    <line>
      <![CDATA[Logout Success::]]>
    </line>
    <line>
      <![CDATA[Login Success::adminflow  http://primusbank.qedgetech.com/adminflow.aspx]]>
    </line>
    <line>
      <![CDATA[New Branch with id 146 created Sucessfully]]>
    </line>
    <line>
      <![CDATA[Logout Success::]]>
    </line>
    <line>
      <![CDATA[Login Success::adminflow  http://primusbank.qedgetech.com/adminflow.aspx]]>
    </line>
    <line>
      <![CDATA[Branch updated Sucessfully]]>
    </line>
    <line>
      <![CDATA[Logout Success::]]>
    </line>
  </reporter-output>
  <suite started-at="2023-10-05T20:19:35 IST" name="Default suite" finished-at="2023-10-05T20:20:02 IST" duration-ms="26236">
    <groups>
    </groups>
    <test started-at="2023-10-05T20:19:35 IST" name="Default test" finished-at="2023-10-05T20:20:02 IST" duration-ms="26236">
      <class name="driverFactory.DriverScript">
        <test-method is-config="true" signature="setUp()[pri:0, instance:driverFactory.DriverScript@221a3fa4]" started-at="2023-10-05T20:19:24 IST" name="setUp" finished-at="2023-10-05T20:19:35 IST" duration-ms="11156" status="PASS">
          <reporter-output>
            <line>
              <![CDATA[Browser value not matching]]>
            </line>
          </reporter-output>
        </test-method> <!-- setUp -->
        <test-method signature="startTest()[pri:0, instance:driverFactory.DriverScript@221a3fa4]" started-at="2023-10-05T20:19:35 IST" name="startTest" finished-at="2023-10-05T20:20:02 IST" duration-ms="26187" status="PASS">
          <reporter-output>
            <line>
              <![CDATA[No. of rows in TCSheet::4No. of rows in TSSheet10]]>
            </line>
            <line>
              <![CDATA[Login Success::adminflow  http://primusbank.qedgetech.com/adminflow.aspx]]>
            </line>
            <line>
              <![CDATA[Logout Success::]]>
            </line>
            <line>
              <![CDATA[Login Success::adminflow  http://primusbank.qedgetech.com/adminflow.aspx]]>
            </line>
            <line>
              <![CDATA[New Branch with id 146 created Sucessfully]]>
            </line>
            <line>
              <![CDATA[Logout Success::]]>
            </line>
            <line>
              <![CDATA[Login Success::adminflow  http://primusbank.qedgetech.com/adminflow.aspx]]>
            </line>
            <line>
              <![CDATA[Branch updated Sucessfully]]>
            </line>
            <line>
              <![CDATA[Logout Success::]]>
            </line>
          </reporter-output>
        </test-method> <!-- startTest -->
        <test-method is-config="true" signature="tearDown()[pri:0, instance:driverFactory.DriverScript@221a3fa4]" started-at="2023-10-05T20:20:02 IST" name="tearDown" finished-at="2023-10-05T20:20:02 IST" duration-ms="706" status="PASS">
          <reporter-output>
          </reporter-output>
        </test-method> <!-- tearDown -->
      </class> <!-- driverFactory.DriverScript -->
    </test> <!-- Default test -->
  </suite> <!-- Default suite -->
</testng-results>
